/*C5*/SET SCHEMA PUBLIC
DISCONNECT
/*C6*/SET SCHEMA PUBLIC
DISCONNECT
/*C7*/SET SCHEMA PUBLIC
CREATE TABLE Owner (Id CHAR(36), Name VARCHAR(100), Town VARCHAR(100), PRIMARY KEY(Id))
CREATE TABLE Animal (Hunger INT, Id CHAR(36), Name VARCHAR(100), OwnerId CHAR(36), Species CHAR(1), PRIMARY KEY(Id), FOREIGN KEY (OwnerId) REFERENCES Owner(Id))
/*C8*/SET SCHEMA PUBLIC
DISCONNECT
/*C9*/SET SCHEMA PUBLIC
INSERT INTO OWNER VALUES('903e6b9d-0625-4c65-b56b-b7cc574cc879','Floz','Bridgnorth')
COMMIT
DISCONNECT
/*C10*/SET SCHEMA PUBLIC
DISCONNECT
/*C11*/SET SCHEMA PUBLIC
INSERT INTO ANIMAL VALUES(50,'fd7892fe-a641-43c1-9402-0eff79e3b36c','Tiddles',NULL,'C')
COMMIT
DISCONNECT
/*C12*/SET SCHEMA PUBLIC
DISCONNECT
/*C13*/SET SCHEMA PUBLIC
DISCONNECT
/*C14*/SET SCHEMA PUBLIC
DISCONNECT
/*C15*/SET SCHEMA PUBLIC
DISCONNECT
/*C16*/SET SCHEMA PUBLIC
INSERT INTO ANIMAL VALUES(50,'6f8ec1a7-c8d1-4159-9f69-1c56522f6916','John',NULL,'C')
COMMIT
DISCONNECT
/*C17*/SET SCHEMA PUBLIC
INSERT INTO ANIMAL VALUES(50,'9221b67c-9b1d-441c-8c2a-cfc81db93731','Peter',NULL,'C')
COMMIT
DISCONNECT
/*C18*/SET SCHEMA PUBLIC
INSERT INTO ANIMAL VALUES(50,'8d327a61-640f-4622-b096-8663dc416fb3','Reginald',NULL,'D')
COMMIT
DISCONNECT
/*C19*/SET SCHEMA PUBLIC
INSERT INTO OWNER VALUES('aeea1a1c-8d8a-474d-9707-67de9d05f001','Harvey','Skegness')
COMMIT
DISCONNECT
/*C20*/SET SCHEMA PUBLIC
DELETE FROM ANIMAL WHERE ID='8d327a61-640f-4622-b096-8663dc416fb3'
INSERT INTO ANIMAL VALUES(50,'8d327a61-640f-4622-b096-8663dc416fb3','Reginald','aeea1a1c-8d8a-474d-9707-67de9d05f001','D')
COMMIT
DISCONNECT
/*C21*/SET SCHEMA PUBLIC
DELETE FROM ANIMAL WHERE ID='6f8ec1a7-c8d1-4159-9f69-1c56522f6916'
INSERT INTO ANIMAL VALUES(50,'6f8ec1a7-c8d1-4159-9f69-1c56522f6916','John','aeea1a1c-8d8a-474d-9707-67de9d05f001','C')
COMMIT
DISCONNECT
/*C22*/SET SCHEMA PUBLIC
DELETE FROM ANIMAL WHERE ID='9221b67c-9b1d-441c-8c2a-cfc81db93731'
INSERT INTO ANIMAL VALUES(50,'9221b67c-9b1d-441c-8c2a-cfc81db93731','Peter','aeea1a1c-8d8a-474d-9707-67de9d05f001','C')
COMMIT
DISCONNECT
/*C23*/SET SCHEMA PUBLIC
DISCONNECT
/*C24*/SET SCHEMA PUBLIC
DISCONNECT
/*C7*/DISCONNECT
